<?xml version="1.0" encoding="UTF-8"?>
<!-- Generated by org.testng.reporters.JUnitXMLReporter -->
<testsuite hostname="DESKTOP-LLRN7AL" name="lunch and login the browser" tests="2" failures="0" timestamp="27 May 2020 12:55:39 GMT" time="44.352" errors="0">
  <testcase name="loginsuccessfully" time="0.589" classname="Academy.E2EProject.homepagetests"/>
  <testcase name="loginsuccessfully" time="0.337" classname="Academy.E2EProject.homepagetests"/>
</testsuite> <!-- lunch and login the browser -->
