<?xml version="1.0" encoding="UTF-8"?>
<!-- Generated by org.testng.reporters.JUnitXMLReporter -->
<testsuite hostname="DESKTOP-LLRN7AL" name="Test" tests="3" failures="0" timestamp="25 May 2020 09:40:28 GMT" time="46.49" errors="0">
  <testcase name="initialize" time="0.391" classname="Academy.E2EProject.homepagetests"/>
  <testcase name="initialize" time="0.27" classname="Academy.E2EProject.homepagetests"/>
  <testcase name="launch" time="15.598" classname="Academy.E2EProject.Validiatetext"/>
</testsuite> <!-- Test -->
