<?xml version="1.0" encoding="UTF-8"?>
<!-- Generated by org.testng.reporters.JUnitXMLReporter -->
<testsuite hostname="DESKTOP-LLRN7AL" name="validate the title" tests="1" failures="1" timestamp="27 May 2020 12:55:31 GMT" time="36.189" errors="0">
  <testcase name="validatethetitleonhomepage" time="34.147" classname="Academy.E2EProject.Validiatetext">
    <failure type="java.lang.AssertionError" message="expected [FEATURED COUR4546SES] but found [FEATURED COURSES]">
      <![CDATA[java.lang.AssertionError: expected [FEATURED COUR4546SES] but found [FEATURED COURSES]
	at Academy.E2EProject.Validiatetext.validatethetitleonhomepage(Validiatetext.java:25)
	at java.util.concurrent.FutureTask.run(FutureTask.java:266)
	at java.util.concurrent.ThreadPoolExecutor.runWorker(ThreadPoolExecutor.java:1149)
	at java.util.concurrent.ThreadPoolExecutor$Worker.run(ThreadPoolExecutor.java:624)
	at java.lang.Thread.run(Thread.java:748)
... Removed 21 stack frames]]>
    </failure>
  </testcase> <!-- validatethetitleonhomepage -->
</testsuite> <!-- validate the title -->
